<?xml version="1.0" encoding="UTF-8"?>
<testng-results ignored="0" total="3" passed="3" failed="0" skipped="0">
  <reporter-output>
  </reporter-output>
  <suite started-at="2025-02-11T10:33:48 EST" name="Default suite" finished-at="2025-02-11T10:34:05 EST" duration-ms="17389">
    <groups>
      <group name="cucumber">
        <method signature="AbstractTestNGCucumberTests.runScenario(io.cucumber.testng.PickleWrapper,io.cucumber.testng.FeatureWrapper)[pri:0, instance:TestRunner.TestRuner@74e52ef6]" name="runScenario" class="io.cucumber.testng.AbstractTestNGCucumberTests"/>
      </group> <!-- cucumber -->
    </groups>
    <test started-at="2025-02-11T10:33:48 EST" name="Default test" finished-at="2025-02-11T10:34:05 EST" duration-ms="17389">
      <class name="TestRunner.TestRuner">
        <test-method is-config="true" signature="setUpClass(org.testng.ITestContext)[pri:0, instance:TestRunner.TestRuner@74e52ef6]" started-at="2025-02-11T10:33:48 EST" name="setUpClass" finished-at="2025-02-11T10:33:48 EST" duration-ms="516" status="PASS">
          <params>
            <param index="0">
              <value>
                <![CDATA[org.testng.TestRunner@65d57e4e]]>
              </value>
            </param>
          </params>
          <reporter-output>
          </reporter-output>
        </test-method> <!-- setUpClass -->
        <test-method signature="runScenario(io.cucumber.testng.PickleWrapper,io.cucumber.testng.FeatureWrapper)[pri:0, instance:TestRunner.TestRuner@74e52ef6]" started-at="2025-02-11T10:33:48 EST" name="runScenario" description="Runs Cucumber Scenarios" data-provider="scenarios" finished-at="2025-02-11T10:33:54 EST" duration-ms="5646" status="PASS">
          <params>
            <param index="0">
              <value>
                <![CDATA["Validate result is calculated when the user inputs valid fields"]]>
              </value>
            </param>
            <param index="1">
              <value>
                <![CDATA["Carbohydrate Calculator"]]>
              </value>
            </param>
          </params>
          <reporter-output>
          </reporter-output>
        </test-method> <!-- runScenario -->
        <test-method signature="runScenario(io.cucumber.testng.PickleWrapper,io.cucumber.testng.FeatureWrapper)[pri:0, instance:TestRunner.TestRuner@74e52ef6]" started-at="2025-02-11T10:33:54 EST" name="runScenario" description="Runs Cucumber Scenarios" data-provider="scenarios" finished-at="2025-02-11T10:34:00 EST" duration-ms="5773" status="PASS">
          <params>
            <param index="0">
              <value>
                <![CDATA["Validate result is calculated when the user inputs invalid fields"]]>
              </value>
            </param>
            <param index="1">
              <value>
                <![CDATA["Carbohydrate Calculator"]]>
              </value>
            </param>
          </params>
          <reporter-output>
          </reporter-output>
        </test-method> <!-- runScenario -->
        <test-method signature="runScenario(io.cucumber.testng.PickleWrapper,io.cucumber.testng.FeatureWrapper)[pri:0, instance:TestRunner.TestRuner@74e52ef6]" started-at="2025-02-11T10:34:00 EST" name="runScenario" description="Runs Cucumber Scenarios" data-provider="scenarios" finished-at="2025-02-11T10:34:05 EST" duration-ms="5369" status="PASS">
          <params>
            <param index="0">
              <value>
                <![CDATA["Validate result is calculated when the user inputs invalid fields"]]>
              </value>
            </param>
            <param index="1">
              <value>
                <![CDATA["Carbohydrate Calculator"]]>
              </value>
            </param>
          </params>
          <reporter-output>
          </reporter-output>
        </test-method> <!-- runScenario -->
        <test-method is-config="true" signature="tearDownClass()[pri:0, instance:TestRunner.TestRuner@74e52ef6]" started-at="2025-02-11T10:34:05 EST" name="tearDownClass" finished-at="2025-02-11T10:34:05 EST" duration-ms="17" status="PASS">
          <reporter-output>
          </reporter-output>
        </test-method> <!-- tearDownClass -->
      </class> <!-- TestRunner.TestRuner -->
    </test> <!-- Default test -->
  </suite> <!-- Default suite -->
</testng-results>
